0 info it worked if it ends with ok
1 verbose cli [ 'C:\\Program Files\\nodejs\\node.exe',
1 verbose cli   'C:\\Users\\blast\\AppData\\Roaming\\npm\\node_modules\\npm\\bin\\npm-cli.js',
1 verbose cli   'run',
1 verbose cli   'sass' ]
2 info using npm@2.15.9
3 info using node@v8.9.4
4 verbose run-script [ 'presass', 'sass', 'postsass' ]
5 info presass portfolio@1.0.0
6 info sass portfolio@1.0.0
7 verbose unsafe-perm in lifecycle true
8 info portfolio@1.0.0 Failed to exec sass script
9 verbose stack Error: portfolio@1.0.0 sass: `node-sass -w scss/ -o dist/css/ --recursive`
9 verbose stack Exit status 1
9 verbose stack     at EventEmitter.<anonymous> (C:\Users\blast\AppData\Roaming\npm\node_modules\npm\lib\utils\lifecycle.js:217:16)
9 verbose stack     at emitTwo (events.js:126:13)
9 verbose stack     at EventEmitter.emit (events.js:214:7)
9 verbose stack     at ChildProcess.<anonymous> (C:\Users\blast\AppData\Roaming\npm\node_modules\npm\lib\utils\spawn.js:24:14)
9 verbose stack     at emitTwo (events.js:126:13)
9 verbose stack     at ChildProcess.emit (events.js:214:7)
9 verbose stack     at maybeClose (internal/child_process.js:925:16)
9 verbose stack     at Process.ChildProcess._handle.onexit (internal/child_process.js:209:5)
10 verbose pkgid portfolio@1.0.0
11 verbose cwd C:\Users\blast\Documents\Coding\Html_Css_Js_Projects\Project
12 error Windows_NT 10.0.17763
13 error argv "C:\\Program Files\\nodejs\\node.exe" "C:\\Users\\blast\\AppData\\Roaming\\npm\\node_modules\\npm\\bin\\npm-cli.js" "run" "sass"
14 error node v8.9.4
15 error npm  v2.15.9
16 error code ELIFECYCLE
17 error portfolio@1.0.0 sass: `node-sass -w scss/ -o dist/css/ --recursive`
17 error Exit status 1
18 error Failed at the portfolio@1.0.0 sass script 'node-sass -w scss/ -o dist/css/ --recursive'.
18 error This is most likely a problem with the portfolio package,
18 error not with npm itself.
18 error Tell the author that this fails on your system:
18 error     node-sass -w scss/ -o dist/css/ --recursive
18 error You can get information on how to open an issue for this project with:
18 error     npm bugs portfolio
18 error Or if that isn't available, you can get their info via:
18 error
18 error     npm owner ls portfolio
18 error There is likely additional logging output above.
19 verbose exit [ 1, true ]
